<?xml version="1.0" encoding="UTF-8"?>
<testsuite name="Cucumber" time="72.855" tests="2" skipped="0" failures="2" errors="0">
<testcase classname="Document to test Amazon" name="Amazon uid test" time="71.954">
<failure type="org.openqa.selenium.SessionNotCreatedException" message="Could not start a new session. Response code 500. Message: session not created: Chrome failed to start: crashed.
  (session not created: DevToolsActivePort file doesn't exist)
  (The process started from chrome location C:\Users\ADMIN\.cache\selenium\chrome\win64\117.0.5938.149\chrome.exe is no longer running, so ChromeDriver is assuming that Chrome has crashed.) 
Host info: host: 'SAURABHPC', ip: '192.168.0.107'
Build info: version: '4.11.0', revision: '040bc5406b'
System info: os.name: 'Windows 8.1', os.arch: 'amd64', os.version: '6.3', java.version: '17.0.8'
Driver info: org.openqa.selenium.chrome.ChromeDriver
Command: [null, newSession {capabilities=[Capabilities {browserName: chrome, goog:chromeOptions: {args: [--remote-allow-origins=*], binary: C:\Users\ADMIN\.cache\selen..., extensions: []}}]}]">
<![CDATA[org.openqa.selenium.SessionNotCreatedException: Could not start a new session. Response code 500. Message: session not created: Chrome failed to start: crashed.
  (session not created: DevToolsActivePort file doesn't exist)
  (The process started from chrome location C:\Users\ADMIN\.cache\selenium\chrome\win64\117.0.5938.149\chrome.exe is no longer running, so ChromeDriver is assuming that Chrome has crashed.) 
Host info: host: 'SAURABHPC', ip: '192.168.0.107'
Build info: version: '4.11.0', revision: '040bc5406b'
System info: os.name: 'Windows 8.1', os.arch: 'amd64', os.version: '6.3', java.version: '17.0.8'
Driver info: org.openqa.selenium.chrome.ChromeDriver
Command: [null, newSession {capabilities=[Capabilities {browserName: chrome, goog:chromeOptions: {args: [--remote-allow-origins=*], binary: C:\Users\ADMIN\.cache\selen..., extensions: []}}]}]
	at org.openqa.selenium.remote.ProtocolHandshake.createSession(ProtocolHandshake.java:140)
	at org.openqa.selenium.remote.ProtocolHandshake.createSession(ProtocolHandshake.java:96)
	at org.openqa.selenium.remote.ProtocolHandshake.createSession(ProtocolHandshake.java:68)
	at org.openqa.selenium.remote.HttpCommandExecutor.execute(HttpCommandExecutor.java:163)
	at org.openqa.selenium.remote.service.DriverCommandExecutor.invokeExecute(DriverCommandExecutor.java:196)
	at org.openqa.selenium.remote.service.DriverCommandExecutor.execute(DriverCommandExecutor.java:171)
	at org.openqa.selenium.remote.RemoteWebDriver.execute(RemoteWebDriver.java:518)
	at org.openqa.selenium.remote.RemoteWebDriver.startSession(RemoteWebDriver.java:232)
	at org.openqa.selenium.remote.RemoteWebDriver.<init>(RemoteWebDriver.java:159)
	at org.openqa.selenium.chromium.ChromiumDriver.<init>(ChromiumDriver.java:108)
	at org.openqa.selenium.chrome.ChromeDriver.<init>(ChromeDriver.java:88)
	at org.openqa.selenium.chrome.ChromeDriver.<init>(ChromeDriver.java:83)
	at org.openqa.selenium.chrome.ChromeDriver.<init>(ChromeDriver.java:51)
	at core.Page.openBrowser(Page.java:21)
	at testcases.AmazonUid.browser_opens_and_get_website(AmazonUid.java:40)
	at ✽.browser "chrome" opens and get website "https://www.amazon.in/"(file:///C:/Users/ADMIN/eclipse-workspace/CucumberBDD/src/test/resources/feature/document.feature:4)
]]>
</failure>
<system-out><![CDATA[
Given browser "chrome" opens and get website "https://www.amazon.in/".......failed
And click signin............................................................skipped
When I enter valid userid "23decanuj@gmail.com".............................skipped
And click continue button...................................................skipped
Then password textbox must come.............................................skipped
]]></system-out>
</testcase>
<testcase classname="Document to test Amazon" name="Amazon pwd test" time="0.037">
<failure type="java.lang.NullPointerException" message="Cannot invoke &quot;org.openqa.selenium.WebElement.sendKeys(java.lang.CharSequence[])&quot; because &quot;testcases.AmazonUid.pwd&quot; is null">
<![CDATA[java.lang.NullPointerException: Cannot invoke "org.openqa.selenium.WebElement.sendKeys(java.lang.CharSequence[])" because "testcases.AmazonUid.pwd" is null
	at testcases.Amazonpwd.i_enter_valid_password(Amazonpwd.java:35)
	at ✽.i enter valid password "Rays@hab23"(file:///C:/Users/ADMIN/eclipse-workspace/CucumberBDD/src/test/resources/feature/document.feature:12)
]]>
</failure>
<system-out><![CDATA[
Given userid is valid.......................................................passed
When i enter valid password "Rays@hab23"....................................failed
And click submit button.....................................................skipped
Then I should login.........................................................skipped
]]></system-out>
</testcase>
</testsuite>
